mode: set
github.com/INFO441-20sp/assignments-TreyMichaels7/servers/gateway/models/users/user.go:54.37,56.16 2 1
github.com/INFO441-20sp/assignments-TreyMichaels7/servers/gateway/models/users/user.go:59.2,59.26 1 1
github.com/INFO441-20sp/assignments-TreyMichaels7/servers/gateway/models/users/user.go:62.2,62.54 1 1
github.com/INFO441-20sp/assignments-TreyMichaels7/servers/gateway/models/users/user.go:65.2,65.27 1 1
github.com/INFO441-20sp/assignments-TreyMichaels7/servers/gateway/models/users/user.go:68.2,68.40 1 1
github.com/INFO441-20sp/assignments-TreyMichaels7/servers/gateway/models/users/user.go:71.2,71.12 1 1
github.com/INFO441-20sp/assignments-TreyMichaels7/servers/gateway/models/users/user.go:56.16,58.3 1 1
github.com/INFO441-20sp/assignments-TreyMichaels7/servers/gateway/models/users/user.go:59.26,61.3 1 1
github.com/INFO441-20sp/assignments-TreyMichaels7/servers/gateway/models/users/user.go:62.54,64.3 1 1
github.com/INFO441-20sp/assignments-TreyMichaels7/servers/gateway/models/users/user.go:65.27,67.3 1 1
github.com/INFO441-20sp/assignments-TreyMichaels7/servers/gateway/models/users/user.go:68.40,70.3 1 1
github.com/INFO441-20sp/assignments-TreyMichaels7/servers/gateway/models/users/user.go:76.44,92.16 2 1
github.com/INFO441-20sp/assignments-TreyMichaels7/servers/gateway/models/users/user.go:95.2,106.15 7 1
github.com/INFO441-20sp/assignments-TreyMichaels7/servers/gateway/models/users/user.go:92.16,94.3 1 1
github.com/INFO441-20sp/assignments-TreyMichaels7/servers/gateway/models/users/user.go:114.34,115.51 1 1
github.com/INFO441-20sp/assignments-TreyMichaels7/servers/gateway/models/users/user.go:118.2,118.27 1 1
github.com/INFO441-20sp/assignments-TreyMichaels7/servers/gateway/models/users/user.go:121.2,121.26 1 1
github.com/INFO441-20sp/assignments-TreyMichaels7/servers/gateway/models/users/user.go:124.2,124.39 1 1
github.com/INFO441-20sp/assignments-TreyMichaels7/servers/gateway/models/users/user.go:115.51,117.3 1 1
github.com/INFO441-20sp/assignments-TreyMichaels7/servers/gateway/models/users/user.go:118.27,120.3 1 1
github.com/INFO441-20sp/assignments-TreyMichaels7/servers/gateway/models/users/user.go:121.26,123.3 1 1
github.com/INFO441-20sp/assignments-TreyMichaels7/servers/gateway/models/users/user.go:128.51,130.16 2 1
github.com/INFO441-20sp/assignments-TreyMichaels7/servers/gateway/models/users/user.go:133.2,134.12 2 1
github.com/INFO441-20sp/assignments-TreyMichaels7/servers/gateway/models/users/user.go:130.16,132.3 1 0
github.com/INFO441-20sp/assignments-TreyMichaels7/servers/gateway/models/users/user.go:139.52,140.87 1 1
github.com/INFO441-20sp/assignments-TreyMichaels7/servers/gateway/models/users/user.go:143.2,143.12 1 1
github.com/INFO441-20sp/assignments-TreyMichaels7/servers/gateway/models/users/user.go:140.87,142.6 1 1
github.com/INFO441-20sp/assignments-TreyMichaels7/servers/gateway/models/users/user.go:148.53,149.63 1 1
github.com/INFO441-20sp/assignments-TreyMichaels7/servers/gateway/models/users/user.go:155.2,155.12 1 1
github.com/INFO441-20sp/assignments-TreyMichaels7/servers/gateway/models/users/user.go:149.63,151.3 1 1
github.com/INFO441-20sp/assignments-TreyMichaels7/servers/gateway/models/users/user.go:151.8,154.3 2 1
github.com/INFO441-20sp/assignments-TreyMichaels7/servers/gateway/models/users/user.go:160.37,164.2 3 1
